Build started 29.10.2025 22:24:23.
     1>Project "C:\Users\makov\Downloads\Eco.Lab1_20250409 (2)\Eco.Lab1\AssemblyFiles\Windows\VisualStudio_10\Eco.CalculatorE\AssemblyFiles\Windows\VisualStudio_10\Eco.CalculatorE.vcxproj" on node 2 (build target(s)).
     1>InitializeBuildStatus:
         Creating "Eco.CalculatorE\StaticDebug\Eco.CalculatorE.unsuccessfulbuild" because "AlwaysCreate" was specified.
       ClCompile:
         C:\Program Files (x86)\Microsoft Visual Studio 10.0\VC\bin\CL.exe /c /I..\..\..\HeaderFiles /I..\..\..\SharedFiles /I..\..\..\..\..\Lesson02\Eco.CalculatorA\SharedFiles /I..\..\..\..\..\Lesson03\Eco.CalculatorB\SharedFiles /I"C:\Users\makov\Downloads\Eco.Framework_20250429 (1)\Eco.Core1\SharedFiles" /I"C:\Users\makov\Downloads\Eco.Framework_20250429 (1)\Eco.MemoryManager1\SharedFiles" /I"C:\Users\makov\Downloads\Eco.Framework_20250429 (1)\Eco.InterfaceBus1\SharedFiles" /ZI /nologo /W3 /WX- /Od /Oy- /D ECO_WINDOWS /D ECO_WIN32 /D ECO_X86_32 /D _DEBUG /D _WINDOWS /D ECO_LIB /D UGUID_UTILITY /D _UNICODE /D UNICODE /Gm /EHsc /RTC1 /MTd /GS /fp:precise /Zc:wchar_t /Zc:forScope /Fo"Eco.CalculatorE\StaticDebug\\" /Fd"Eco.CalculatorE\StaticDebug\vc100.pdb" /Gz /TC /analyze- /errorReport:prompt ..\..\..\SourceFiles\CEcoCalculatorE.c ..\..\..\SourceFiles\CEcoCalculatorEFactory.c
         CEcoCalculatorEFactory.c
     1>c:\users\makov\downloads\eco.lab1_20250409 (2)\eco.lab1\assemblyfiles\windows\visualstudio_10\eco.calculatore\headerfiles\cecocalculatore.h(24): fatal error C1083: Cannot open include file: 'IdEcoCalculatorB.h': No such file or directory
         CEcoCalculatorE.c
     1>c:\users\makov\downloads\eco.lab1_20250409 (2)\eco.lab1\assemblyfiles\windows\visualstudio_10\eco.calculatore\headerfiles\cecocalculatore.h(24): fatal error C1083: Cannot open include file: 'IdEcoCalculatorB.h': No such file or directory
         Generating Code...
     1>Done Building Project "C:\Users\makov\Downloads\Eco.Lab1_20250409 (2)\Eco.Lab1\AssemblyFiles\Windows\VisualStudio_10\Eco.CalculatorE\AssemblyFiles\Windows\VisualStudio_10\Eco.CalculatorE.vcxproj" (build target(s)) -- FAILED.

Build FAILED.

Time Elapsed 00:00:01.05
