Build started 29.10.2025 22:24:26.
     1>Project "C:\Users\makov\Downloads\Eco.Lab1_20250409 (2)\Eco.Lab1\AssemblyFiles\Windows\VisualStudio_10\Eco.Lab1UnitTest.vcxproj" on node 3 (build target(s)).
     1>InitializeBuildStatus:
         Creating "Eco.Lab1UnitTest\StaticDebug\Eco.Lab1UnitTest.unsuccessfulbuild" because "AlwaysCreate" was specified.
       ClCompile:
         C:\Program Files (x86)\Microsoft Visual Studio 10.0\VC\bin\CL.exe /c /I..\..\..\SharedFiles /I..\..\..\HeaderFiles /I"C:\Users\makov\Downloads\Eco.Framework_20250429 (1)\Eco.Core1\SharedFiles" /I"C:\Users\makov\Downloads\Eco.Framework_20250429 (1)\Eco.InterfaceBus1\SharedFiles" /I"C:\Users\makov\Downloads\Eco.Framework_20250429 (1)\Eco.System1\SharedFiles" /I"C:\Users\makov\Downloads\Eco.Framework_20250429 (1)\Eco.MemoryManager1\SharedFiles" /I"C:\Users\makov\Downloads\Eco.Framework_20250429 (1)\Eco.FileSystemManagement1\SharedFiles" /I"C:\Users\makov\Downloads\Eco.Framework_20250429 (1)\Eco.List1\SharedFiles" /ZI /nologo /W3 /WX- /Od /Oy- /D WIN32 /D _DEBUG /D _CONSOLE /D UGUID_UTILITY /D ECO_X86_32 /D ECO_WINDOWS /D ECO_WIN32 /D ECO_LIB /D _UNICODE /D UNICODE /Gm /EHsc /RTC1 /MTd /GS /fp:precise /Zc:wchar_t /Zc:forScope /Fo"Eco.Lab1UnitTest\StaticDebug\\" /Fd"Eco.Lab1UnitTest\StaticDebug\vc100.pdb" /Gz /TC /analyze- /errorReport:prompt ..\..\..\UnitTestFiles\SourceFiles\EcoLab1.c
         EcoLab1.c
     1>c:\users\makov\downloads\eco.lab1_20250409 (2)\eco.lab1\unittestfiles\sourcefiles\ecolab1.c(2): fatal error C1083: Cannot open include file: 'IEcoCalculatorX.h': No such file or directory
     1>Done Building Project "C:\Users\makov\Downloads\Eco.Lab1_20250409 (2)\Eco.Lab1\AssemblyFiles\Windows\VisualStudio_10\Eco.Lab1UnitTest.vcxproj" (build target(s)) -- FAILED.

Build FAILED.

Time Elapsed 00:00:00.35
